Analysis & Synthesis report for cofredigital
Sat Jan 18 15:34:24 2020
Quartus II 64-Bit Version 13.0.1 Build 232 06/12/2013 Service Pack 1 SJ Web Edition


---------------------
; Table of Contents ;
---------------------
  1. Legal Notice
  2. Analysis & Synthesis Summary
  3. Analysis & Synthesis Settings
  4. Parallel Compilation
  5. Analysis & Synthesis Source Files Read
  6. Analysis & Synthesis Resource Usage Summary
  7. Analysis & Synthesis Resource Utilization by Entity
  8. User-Specified and Inferred Latches
  9. Registers Removed During Synthesis
 10. General Register Statistics
 11. Inverted Register Statistics
 12. Port Connectivity Checks: "clock:divisor"
 13. Elapsed Time Per Partition
 14. Analysis & Synthesis Messages



----------------
; Legal Notice ;
----------------
Copyright (C) 1991-2013 Altera Corporation
Your use of Altera Corporation's design tools, logic functions 
and other software and tools, and its AMPP partner logic 
functions, and any output files from any of the foregoing 
(including device programming or simulation files), and any 
associated documentation or information are expressly subject 
to the terms and conditions of the Altera Program License 
Subscription Agreement, Altera MegaCore Function License 
Agreement, or other applicable license agreement, including, 
without limitation, that your use is for the sole purpose of 
programming logic devices manufactured by Altera and sold by 
Altera or its authorized distributors.  Please refer to the 
applicable agreement for further details.



+--------------------------------------------------------------------------------------+
; Analysis & Synthesis Summary                                                         ;
+------------------------------------+-------------------------------------------------+
; Analysis & Synthesis Status        ; Successful - Sat Jan 18 15:34:24 2020           ;
; Quartus II 64-Bit Version          ; 13.0.1 Build 232 06/12/2013 SP 1 SJ Web Edition ;
; Revision Name                      ; cofredigital                                    ;
; Top-level Entity Name              ; cofredigital                                    ;
; Family                             ; Cyclone II                                      ;
; Total logic elements               ; 95                                              ;
;     Total combinational functions  ; 95                                              ;
;     Dedicated logic registers      ; 41                                              ;
; Total registers                    ; 41                                              ;
; Total pins                         ; 38                                              ;
; Total virtual pins                 ; 0                                               ;
; Total memory bits                  ; 0                                               ;
; Embedded Multiplier 9-bit elements ; 0                                               ;
; Total PLLs                         ; 0                                               ;
+------------------------------------+-------------------------------------------------+


+----------------------------------------------------------------------------------------------------------------------+
; Analysis & Synthesis Settings                                                                                        ;
+----------------------------------------------------------------------------+--------------------+--------------------+
; Option                                                                     ; Setting            ; Default Value      ;
+----------------------------------------------------------------------------+--------------------+--------------------+
; Device                                                                     ; EP2C35F672C6       ;                    ;
; Top-level entity name                                                      ; cofredigital       ; cofredigital       ;
; Family name                                                                ; Cyclone II         ; Cyclone IV GX      ;
; Use smart compilation                                                      ; Off                ; Off                ;
; Enable parallel Assembler and TimeQuest Timing Analyzer during compilation ; On                 ; On                 ;
; Enable compact report table                                                ; Off                ; Off                ;
; Restructure Multiplexers                                                   ; Auto               ; Auto               ;
; Create Debugging Nodes for IP Cores                                        ; Off                ; Off                ;
; Preserve fewer node names                                                  ; On                 ; On                 ;
; Disable OpenCore Plus hardware evaluation                                  ; Off                ; Off                ;
; Verilog Version                                                            ; Verilog_2001       ; Verilog_2001       ;
; VHDL Version                                                               ; VHDL_1993          ; VHDL_1993          ;
; State Machine Processing                                                   ; Auto               ; Auto               ;
; Safe State Machine                                                         ; Off                ; Off                ;
; Extract Verilog State Machines                                             ; On                 ; On                 ;
; Extract VHDL State Machines                                                ; On                 ; On                 ;
; Ignore Verilog initial constructs                                          ; Off                ; Off                ;
; Iteration limit for constant Verilog loops                                 ; 5000               ; 5000               ;
; Iteration limit for non-constant Verilog loops                             ; 250                ; 250                ;
; Add Pass-Through Logic to Inferred RAMs                                    ; On                 ; On                 ;
; Infer RAMs from Raw Logic                                                  ; On                 ; On                 ;
; Parallel Synthesis                                                         ; On                 ; On                 ;
; DSP Block Balancing                                                        ; Auto               ; Auto               ;
; NOT Gate Push-Back                                                         ; On                 ; On                 ;
; Power-Up Don't Care                                                        ; On                 ; On                 ;
; Remove Redundant Logic Cells                                               ; Off                ; Off                ;
; Remove Duplicate Registers                                                 ; On                 ; On                 ;
; Ignore CARRY Buffers                                                       ; Off                ; Off                ;
; Ignore CASCADE Buffers                                                     ; Off                ; Off                ;
; Ignore GLOBAL Buffers                                                      ; Off                ; Off                ;
; Ignore ROW GLOBAL Buffers                                                  ; Off                ; Off                ;
; Ignore LCELL Buffers                                                       ; Off                ; Off                ;
; Ignore SOFT Buffers                                                        ; On                 ; On                 ;
; Limit AHDL Integers to 32 Bits                                             ; Off                ; Off                ;
; Optimization Technique                                                     ; Balanced           ; Balanced           ;
; Carry Chain Length                                                         ; 70                 ; 70                 ;
; Auto Carry Chains                                                          ; On                 ; On                 ;
; Auto Open-Drain Pins                                                       ; On                 ; On                 ;
; Perform WYSIWYG Primitive Resynthesis                                      ; Off                ; Off                ;
; Auto ROM Replacement                                                       ; On                 ; On                 ;
; Auto RAM Replacement                                                       ; On                 ; On                 ;
; Auto Shift Register Replacement                                            ; Auto               ; Auto               ;
; Allow Shift Register Merging across Hierarchies                            ; Auto               ; Auto               ;
; Auto Clock Enable Replacement                                              ; On                 ; On                 ;
; Strict RAM Replacement                                                     ; Off                ; Off                ;
; Allow Synchronous Control Signals                                          ; On                 ; On                 ;
; Force Use of Synchronous Clear Signals                                     ; Off                ; Off                ;
; Auto RAM to Logic Cell Conversion                                          ; Off                ; Off                ;
; Auto Resource Sharing                                                      ; Off                ; Off                ;
; Allow Any RAM Size For Recognition                                         ; Off                ; Off                ;
; Allow Any ROM Size For Recognition                                         ; Off                ; Off                ;
; Allow Any Shift Register Size For Recognition                              ; Off                ; Off                ;
; Use LogicLock Constraints during Resource Balancing                        ; On                 ; On                 ;
; Ignore translate_off and synthesis_off directives                          ; Off                ; Off                ;
; Timing-Driven Synthesis                                                    ; Off                ; Off                ;
; Report Parameter Settings                                                  ; On                 ; On                 ;
; Report Source Assignments                                                  ; On                 ; On                 ;
; Report Connectivity Checks                                                 ; On                 ; On                 ;
; Ignore Maximum Fan-Out Assignments                                         ; Off                ; Off                ;
; Synchronization Register Chain Length                                      ; 2                  ; 2                  ;
; PowerPlay Power Optimization                                               ; Normal compilation ; Normal compilation ;
; HDL message level                                                          ; Level2             ; Level2             ;
; Suppress Register Optimization Related Messages                            ; Off                ; Off                ;
; Number of Removed Registers Reported in Synthesis Report                   ; 5000               ; 5000               ;
; Number of Swept Nodes Reported in Synthesis Report                         ; 5000               ; 5000               ;
; Number of Inverted Registers Reported in Synthesis Report                  ; 100                ; 100                ;
; Clock MUX Protection                                                       ; On                 ; On                 ;
; Auto Gated Clock Conversion                                                ; Off                ; Off                ;
; Block Design Naming                                                        ; Auto               ; Auto               ;
; SDC constraint protection                                                  ; Off                ; Off                ;
; Synthesis Effort                                                           ; Auto               ; Auto               ;
; Shift Register Replacement - Allow Asynchronous Clear Signal               ; On                 ; On                 ;
; Pre-Mapping Resynthesis Optimization                                       ; Off                ; Off                ;
; Analysis & Synthesis Message Level                                         ; Medium             ; Medium             ;
; Disable Register Merging Across Hierarchies                                ; Auto               ; Auto               ;
; Resource Aware Inference For Block RAM                                     ; On                 ; On                 ;
; Synthesis Seed                                                             ; 1                  ; 1                  ;
+----------------------------------------------------------------------------+--------------------+--------------------+


Parallel compilation was disabled, but you have multiple processors available. Enable parallel compilation to reduce compilation time.
+-------------------------------------+
; Parallel Compilation                ;
+----------------------------+--------+
; Processors                 ; Number ;
+----------------------------+--------+
; Number detected on machine ; 4      ;
; Maximum allowed            ; 1      ;
+----------------------------+--------+


+---------------------------------------------------------------------------------------------------------------------------------------------------------------------------------------------------+
; Analysis & Synthesis Source Files Read                                                                                                                                                            ;
+----------------------------------+-----------------+-----------------+------------------------------------------------------------------------------------------------------------------+---------+
; File Name with User-Entered Path ; Used in Netlist ; File Type       ; File Name with Absolute Path                                                                                     ; Library ;
+----------------------------------+-----------------+-----------------+------------------------------------------------------------------------------------------------------------------+---------+
; contador.vhd                     ; yes             ; User VHDL File  ; C:/Users/nicol/Documents/codigos/Projeto De FPGA - Cofre Digital com Combinação/contador.vhd                     ;         ;
; conta_decada.vhd                 ; yes             ; User VHDL File  ; C:/Users/nicol/Documents/codigos/Projeto De FPGA - Cofre Digital com Combinação/conta_decada.vhd                 ;         ;
; cofredigital.vhd                 ; yes             ; User VHDL File  ; C:/Users/nicol/Documents/codigos/Projeto De FPGA - Cofre Digital com Combinação/cofredigital.vhd                 ;         ;
; Clock/clock.vhd                  ; yes             ; User VHDL File  ; C:/Users/nicol/Documents/codigos/Projeto De FPGA - Cofre Digital com Combinação/Clock/clock.vhd                  ;         ;
; Vetor Display/displaycvector.vhd ; yes             ; User VHDL File  ; C:/Users/nicol/Documents/codigos/Projeto De FPGA - Cofre Digital com Combinação/Vetor Display/displaycvector.vhd ;         ;
+----------------------------------+-----------------+-----------------+------------------------------------------------------------------------------------------------------------------+---------+


+-------------------------------------------------------+
; Analysis & Synthesis Resource Usage Summary           ;
+---------------------------------------------+---------+
; Resource                                    ; Usage   ;
+---------------------------------------------+---------+
; Estimated Total logic elements              ; 95      ;
;                                             ;         ;
; Total combinational functions               ; 95      ;
; Logic element usage by number of LUT inputs ;         ;
;     -- 4 input functions                    ; 42      ;
;     -- 3 input functions                    ; 10      ;
;     -- <=2 input functions                  ; 43      ;
;                                             ;         ;
; Logic elements by mode                      ;         ;
;     -- normal mode                          ; 64      ;
;     -- arithmetic mode                      ; 31      ;
;                                             ;         ;
; Total registers                             ; 41      ;
;     -- Dedicated logic registers            ; 41      ;
;     -- I/O registers                        ; 0       ;
;                                             ;         ;
; I/O pins                                    ; 38      ;
; Embedded Multiplier 9-bit elements          ; 0       ;
; Maximum fan-out node                        ; clk_50M ;
; Maximum fan-out                             ; 33      ;
; Total fan-out                               ; 391     ;
; Average fan-out                             ; 2.25    ;
+---------------------------------------------+---------+


+-----------------------------------------------------------------------------------------------------------------------------------------------------------------------------------------------------+
; Analysis & Synthesis Resource Utilization by Entity                                                                                                                                                 ;
+--------------------------------+-------------------+--------------+-------------+--------------+---------+-----------+------+--------------+-----------------------------------------+--------------+
; Compilation Hierarchy Node     ; LC Combinationals ; LC Registers ; Memory Bits ; DSP Elements ; DSP 9x9 ; DSP 18x18 ; Pins ; Virtual Pins ; Full Hierarchy Name                     ; Library Name ;
+--------------------------------+-------------------+--------------+-------------+--------------+---------+-----------+------+--------------+-----------------------------------------+--------------+
; |cofredigital                  ; 95 (3)            ; 41 (0)       ; 0           ; 0            ; 0       ; 0         ; 38   ; 0            ; |cofredigital                           ; work         ;
;    |clock:divisor|             ; 59 (59)           ; 33 (33)      ; 0           ; 0            ; 0       ; 0         ; 0    ; 0            ; |cofredigital|clock:divisor             ; work         ;
;    |conta_decada:contadec|     ; 11 (11)           ; 5 (5)        ; 0           ; 0            ; 0       ; 0         ; 0    ; 0            ; |cofredigital|conta_decada:contadec     ; work         ;
;    |contador:conta3|           ; 5 (5)             ; 3 (3)        ; 0           ; 0            ; 0       ; 0         ; 0    ; 0            ; |cofredigital|contador:conta3           ; work         ;
;    |displaycvector:decod0|     ; 7 (7)             ; 0 (0)        ; 0           ; 0            ; 0       ; 0         ; 0    ; 0            ; |cofredigital|displaycvector:decod0     ; work         ;
;    |displaycvector:decod1|     ; 3 (3)             ; 0 (0)        ; 0           ; 0            ; 0       ; 0         ; 0    ; 0            ; |cofredigital|displaycvector:decod1     ; work         ;
;    |displaycvector:decodchave| ; 7 (7)             ; 0 (0)        ; 0           ; 0            ; 0       ; 0         ; 0    ; 0            ; |cofredigital|displaycvector:decodchave ; work         ;
+--------------------------------+-------------------+--------------+-------------+--------------+---------+-----------+------+--------------+-----------------------------------------+--------------+
Note: For table entries with two numbers listed, the numbers in parentheses indicate the number of resources of the given type used by the specific entity alone. The numbers listed outside of parentheses indicate the total resources of the given type used by the specific entity and all of its sub-entities in the hierarchy.


+---------------------------------------------------------------------------------------------------------+
; User-Specified and Inferred Latches                                                                     ;
+----------------------------------------------------+---------------------------+------------------------+
; Latch Name                                         ; Latch Enable Signal       ; Free of Timing Hazards ;
+----------------------------------------------------+---------------------------+------------------------+
; contador:conta3|q[0]                               ; comb                      ; yes                    ;
; contador:conta3|q[1]                               ; comb                      ; yes                    ;
; contador:conta3|q[2]                               ; comb                      ; yes                    ;
; contador:conta3|q[3]                               ; comb                      ; yes                    ;
; conta_decada:contadec|q[0]                         ; contador:conta3|carry_out ; yes                    ;
; conta_decada:contadec|q[1]                         ; contador:conta3|carry_out ; yes                    ;
; conta_decada:contadec|q[2]                         ; contador:conta3|carry_out ; yes                    ;
; conta_decada:contadec|q[3]                         ; contador:conta3|carry_out ; yes                    ;
; conta_decada:contadec|blok                         ; contador:conta3|carry_out ; yes                    ;
; Number of user-specified and inferred latches = 9  ;                           ;                        ;
+----------------------------------------------------+---------------------------+------------------------+
Note: All latches listed above may not be present at the end of synthesis due to various synthesis optimizations.


+--------------------------------------------------------------------------------+
; Registers Removed During Synthesis                                             ;
+---------------------------------------+----------------------------------------+
; Register name                         ; Reason for Removal                     ;
+---------------------------------------+----------------------------------------+
; contador:conta3|qtemp[2,3]            ; Stuck at GND due to stuck port data_in ;
; Total Number of Removed Registers = 2 ;                                        ;
+---------------------------------------+----------------------------------------+


+------------------------------------------------------+
; General Register Statistics                          ;
+----------------------------------------------+-------+
; Statistic                                    ; Value ;
+----------------------------------------------+-------+
; Total registers                              ; 41    ;
; Number of registers using Synchronous Clear  ; 0     ;
; Number of registers using Synchronous Load   ; 0     ;
; Number of registers using Asynchronous Clear ; 6     ;
; Number of registers using Asynchronous Load  ; 0     ;
; Number of registers using Clock Enable       ; 0     ;
; Number of registers using Preset             ; 0     ;
+----------------------------------------------+-------+


+--------------------------------------------------+
; Inverted Register Statistics                     ;
+----------------------------------------+---------+
; Inverted Register                      ; Fan out ;
+----------------------------------------+---------+
; clock:divisor|count[0]                 ; 1       ;
; Total number of inverted registers = 1 ;         ;
+----------------------------------------+---------+


+-------------------------------------------------------------------------------------------------------------------------------------+
; Port Connectivity Checks: "clock:divisor"                                                                                           ;
+------+--------+----------+----------------------------------------------------------------------------------------------------------+
; Port ; Type   ; Severity ; Details                                                                                                  ;
+------+--------+----------+----------------------------------------------------------------------------------------------------------+
; a    ; Output ; Warning  ; Declared by entity but not connected by instance. Logic that only feeds a dangling port will be removed. ;
; b    ; Output ; Warning  ; Declared by entity but not connected by instance. Logic that only feeds a dangling port will be removed. ;
+------+--------+----------+----------------------------------------------------------------------------------------------------------+


+-------------------------------+
; Elapsed Time Per Partition    ;
+----------------+--------------+
; Partition Name ; Elapsed Time ;
+----------------+--------------+
; Top            ; 00:00:00     ;
+----------------+--------------+


+-------------------------------+
; Analysis & Synthesis Messages ;
+-------------------------------+
Info: *******************************************************************
Info: Running Quartus II 64-Bit Analysis & Synthesis
    Info: Version 13.0.1 Build 232 06/12/2013 Service Pack 1 SJ Web Edition
    Info: Processing started: Sat Jan 18 15:34:20 2020
Info: Command: quartus_map --read_settings_files=on --write_settings_files=off cofredigital -c cofredigital
Warning (20028): Parallel compilation is not licensed and has been disabled
Info (12021): Found 2 design units, including 1 entities, in source file contador.vhd
    Info (12022): Found design unit 1: contador-arquitetura
    Info (12023): Found entity 1: contador
Info (12021): Found 2 design units, including 1 entities, in source file conta_decada.vhd
    Info (12022): Found design unit 1: conta_decada-arquitetura
    Info (12023): Found entity 1: conta_decada
Info (12021): Found 2 design units, including 1 entities, in source file cofredigital.vhd
    Info (12022): Found design unit 1: cofredigital-arquiteturacofre
    Info (12023): Found entity 1: cofredigital
Info (12021): Found 2 design units, including 1 entities, in source file clock/clock.vhd
    Info (12022): Found design unit 1: clock-behavioral
    Info (12023): Found entity 1: clock
Info (12021): Found 2 design units, including 1 entities, in source file vetor display/displaycvector.vhd
    Info (12022): Found design unit 1: displaycvector-arquitetura
    Info (12023): Found entity 1: displaycvector
Info (12021): Found 2 design units, including 1 entities, in source file pwm.vhd
    Info (12022): Found design unit 1: PWM-RTL
    Info (12023): Found entity 1: PWM
Info (12127): Elaborating entity "cofredigital" for the top level hierarchy
Warning (10541): VHDL Signal Declaration warning at cofredigital.vhd(18): used implicit default value for signal "HEX3" because signal was never assigned a value or an explicit default value. Use of implicit default value may introduce unintended design optimizations.
Warning (10541): VHDL Signal Declaration warning at cofredigital.vhd(19): used implicit default value for signal "buz1" because signal was never assigned a value or an explicit default value. Use of implicit default value may introduce unintended design optimizations.
Warning (10541): VHDL Signal Declaration warning at cofredigital.vhd(20): used implicit default value for signal "pwm_pin" because signal was never assigned a value or an explicit default value. Use of implicit default value may introduce unintended design optimizations.
Warning (10492): VHDL Process Statement warning at cofredigital.vhd(76): signal "ch" is read inside the Process Statement but isn't in the Process Statement's sensitivity list
Info (12128): Elaborating entity "clock" for hierarchy "clock:divisor"
Warning (10541): VHDL Signal Declaration warning at clock.vhd(10): used implicit default value for signal "a" because signal was never assigned a value or an explicit default value. Use of implicit default value may introduce unintended design optimizations.
Warning (10541): VHDL Signal Declaration warning at clock.vhd(10): used implicit default value for signal "b" because signal was never assigned a value or an explicit default value. Use of implicit default value may introduce unintended design optimizations.
Info (12128): Elaborating entity "contador" for hierarchy "contador:conta3"
Warning (10631): VHDL Process Statement warning at contador.vhd(21): inferring latch(es) for signal or variable "q", which holds its previous value in one or more paths through the process
Info (10041): Inferred latch for "q[0]" at contador.vhd(21)
Info (10041): Inferred latch for "q[1]" at contador.vhd(21)
Info (10041): Inferred latch for "q[2]" at contador.vhd(21)
Info (10041): Inferred latch for "q[3]" at contador.vhd(21)
Info (12128): Elaborating entity "conta_decada" for hierarchy "conta_decada:contadec"
Warning (10631): VHDL Process Statement warning at conta_decada.vhd(19): inferring latch(es) for signal or variable "q", which holds its previous value in one or more paths through the process
Warning (10631): VHDL Process Statement warning at conta_decada.vhd(19): inferring latch(es) for signal or variable "blok", which holds its previous value in one or more paths through the process
Info (10041): Inferred latch for "blok" at conta_decada.vhd(19)
Info (10041): Inferred latch for "q[0]" at conta_decada.vhd(19)
Info (10041): Inferred latch for "q[1]" at conta_decada.vhd(19)
Info (10041): Inferred latch for "q[2]" at conta_decada.vhd(19)
Info (10041): Inferred latch for "q[3]" at conta_decada.vhd(19)
Info (12128): Elaborating entity "displaycvector" for hierarchy "displaycvector:decod0"
Warning (12241): 1 hierarchies have connectivity warnings - see the Connectivity Checks report folder
Warning (13024): Output pins are stuck at VCC or GND
    Warning (13410): Pin "HEX1[1]" is stuck at GND
    Warning (13410): Pin "HEX3[6]" is stuck at GND
    Warning (13410): Pin "HEX3[5]" is stuck at GND
    Warning (13410): Pin "HEX3[4]" is stuck at GND
    Warning (13410): Pin "HEX3[3]" is stuck at GND
    Warning (13410): Pin "HEX3[2]" is stuck at GND
    Warning (13410): Pin "HEX3[1]" is stuck at GND
    Warning (13410): Pin "HEX3[0]" is stuck at GND
    Warning (13410): Pin "buz1" is stuck at GND
    Warning (13410): Pin "pwm_pin" is stuck at GND
Info (16010): Generating hard_block partition "hard_block:auto_generated_inst"
    Info (16011): Adding 0 node(s), including 0 DDIO, 0 PLL, 0 transceiver and 0 LCELL
Warning (21074): Design contains 1 input pin(s) that do not drive logic
    Warning (15610): No output dependent on input pin "rst"
Info (21057): Implemented 152 device resources after synthesis - the final resource count might be different
    Info (21058): Implemented 7 input pins
    Info (21059): Implemented 31 output pins
    Info (21061): Implemented 114 logic cells
Info: Quartus II 64-Bit Analysis & Synthesis was successful. 0 errors, 24 warnings
    Info: Peak virtual memory: 4626 megabytes
    Info: Processing ended: Sat Jan 18 15:34:24 2020
    Info: Elapsed time: 00:00:04
    Info: Total CPU time (on all processors): 00:00:03


