TimeQuest Timing Analyzer report for conta_decada
Mon Dec 02 20:52:31 2019
Quartus II 64-Bit Version 13.0.1 Build 232 06/12/2013 Service Pack 1 SJ Web Edition


---------------------
; Table of Contents ;
---------------------
  1. Legal Notice
  2. TimeQuest Timing Analyzer Summary
  3. Parallel Compilation
  4. Clocks
  5. Slow Model Fmax Summary
  6. Slow Model Setup Summary
  7. Slow Model Hold Summary
  8. Slow Model Recovery Summary
  9. Slow Model Removal Summary
 10. Slow Model Minimum Pulse Width Summary
 11. Slow Model Setup: 'reset'
 12. Slow Model Setup: 'clk'
 13. Slow Model Hold: 'clk'
 14. Slow Model Hold: 'reset'
 15. Slow Model Recovery: 'clk'
 16. Slow Model Removal: 'clk'
 17. Slow Model Minimum Pulse Width: 'clk'
 18. Slow Model Minimum Pulse Width: 'reset'
 19. Clock to Output Times
 20. Minimum Clock to Output Times
 21. Fast Model Setup Summary
 22. Fast Model Hold Summary
 23. Fast Model Recovery Summary
 24. Fast Model Removal Summary
 25. Fast Model Minimum Pulse Width Summary
 26. Fast Model Setup: 'reset'
 27. Fast Model Setup: 'clk'
 28. Fast Model Hold: 'clk'
 29. Fast Model Hold: 'reset'
 30. Fast Model Recovery: 'clk'
 31. Fast Model Removal: 'clk'
 32. Fast Model Minimum Pulse Width: 'clk'
 33. Fast Model Minimum Pulse Width: 'reset'
 34. Clock to Output Times
 35. Minimum Clock to Output Times
 36. Multicorner Timing Analysis Summary
 37. Clock to Output Times
 38. Minimum Clock to Output Times
 39. Setup Transfers
 40. Hold Transfers
 41. Recovery Transfers
 42. Removal Transfers
 43. Report TCCS
 44. Report RSKM
 45. Unconstrained Paths
 46. TimeQuest Timing Analyzer Messages



----------------
; Legal Notice ;
----------------
Copyright (C) 1991-2013 Altera Corporation
Your use of Altera Corporation's design tools, logic functions 
and other software and tools, and its AMPP partner logic 
functions, and any output files from any of the foregoing 
(including device programming or simulation files), and any 
associated documentation or information are expressly subject 
to the terms and conditions of the Altera Program License 
Subscription Agreement, Altera MegaCore Function License 
Agreement, or other applicable license agreement, including, 
without limitation, that your use is for the sole purpose of 
programming logic devices manufactured by Altera and sold by 
Altera or its authorized distributors.  Please refer to the 
applicable agreement for further details.



+----------------------------------------------------------------------------------------+
; TimeQuest Timing Analyzer Summary                                                      ;
+--------------------+-------------------------------------------------------------------+
; Quartus II Version ; Version 13.0.1 Build 232 06/12/2013 Service Pack 1 SJ Web Edition ;
; Revision Name      ; conta_decada                                                      ;
; Device Family      ; Cyclone II                                                        ;
; Device Name        ; EP2C35F672C6                                                      ;
; Timing Models      ; Final                                                             ;
; Delay Model        ; Combined                                                          ;
; Rise/Fall Delays   ; Unavailable                                                       ;
+--------------------+-------------------------------------------------------------------+


Parallel compilation was disabled, but you have multiple processors available. Enable parallel compilation to reduce compilation time.
+-------------------------------------+
; Parallel Compilation                ;
+----------------------------+--------+
; Processors                 ; Number ;
+----------------------------+--------+
; Number detected on machine ; 4      ;
; Maximum allowed            ; 1      ;
+----------------------------+--------+


+-----------------------------------------------------------------------------------------------------------------------------------------------------------------------------------+
; Clocks                                                                                                                                                                            ;
+------------+------+--------+------------+-------+-------+------------+-----------+-------------+-------+--------+-----------+------------+----------+--------+--------+-----------+
; Clock Name ; Type ; Period ; Frequency  ; Rise  ; Fall  ; Duty Cycle ; Divide by ; Multiply by ; Phase ; Offset ; Edge List ; Edge Shift ; Inverted ; Master ; Source ; Targets   ;
+------------+------+--------+------------+-------+-------+------------+-----------+-------------+-------+--------+-----------+------------+----------+--------+--------+-----------+
; clk        ; Base ; 1.000  ; 1000.0 MHz ; 0.000 ; 0.500 ;            ;           ;             ;       ;        ;           ;            ;          ;        ;        ; { clk }   ;
; reset      ; Base ; 1.000  ; 1000.0 MHz ; 0.000 ; 0.500 ;            ;           ;             ;       ;        ;           ;            ;          ;        ;        ; { reset } ;
+------------+------+--------+------------+-------+-------+------------+-----------+-------------+-------+--------+-----------+------------+----------+--------+--------+-----------+


+-----------------------------------------------------------------------------------------------------------+
; Slow Model Fmax Summary                                                                                   ;
+------------+-----------------+------------+---------------------------------------------------------------+
; Fmax       ; Restricted Fmax ; Clock Name ; Note                                                          ;
+------------+-----------------+------------+---------------------------------------------------------------+
; 916.59 MHz ; 420.17 MHz      ; clk        ; limit due to minimum period restriction (max I/O toggle rate) ;
+------------+-----------------+------------+---------------------------------------------------------------+
This panel reports FMAX for every clock in the design, regardless of the user-specified clock periods.  FMAX is only computed for paths where the source and destination registers or ports are driven by the same clock.  Paths of different clocks, including generated clocks, are ignored.  For paths between a clock and its inversion, FMAX is computed as if the rising and falling edges are scaled along with FMAX, such that the duty cycle (in terms of a percentage) is maintained. Altera recommends that you always use clock constraints and other slack reports for sign-off analysis.


+--------------------------------+
; Slow Model Setup Summary       ;
+-------+--------+---------------+
; Clock ; Slack  ; End Point TNS ;
+-------+--------+---------------+
; reset ; -0.617 ; -2.435        ;
; clk   ; -0.091 ; -0.239        ;
+-------+--------+---------------+


+-------------------------------+
; Slow Model Hold Summary       ;
+-------+-------+---------------+
; Clock ; Slack ; End Point TNS ;
+-------+-------+---------------+
; clk   ; 0.391 ; 0.000         ;
; reset ; 0.640 ; 0.000         ;
+-------+-------+---------------+


+--------------------------------+
; Slow Model Recovery Summary    ;
+-------+--------+---------------+
; Clock ; Slack  ; End Point TNS ;
+-------+--------+---------------+
; clk   ; -0.010 ; -0.040        ;
+-------+--------+---------------+


+-------------------------------+
; Slow Model Removal Summary    ;
+-------+-------+---------------+
; Clock ; Slack ; End Point TNS ;
+-------+-------+---------------+
; clk   ; 0.280 ; 0.000         ;
+-------+-------+---------------+


+----------------------------------------+
; Slow Model Minimum Pulse Width Summary ;
+-------+--------+-----------------------+
; Clock ; Slack  ; End Point TNS         ;
+-------+--------+-----------------------+
; clk   ; -1.380 ; -5.380                ;
; reset ; -1.380 ; -1.380                ;
+-------+--------+-----------------------+


+-------------------------------------------------------------------------------------------------------+
; Slow Model Setup: 'reset'                                                                             ;
+--------+-----------+------------+--------------+-------------+--------------+------------+------------+
; Slack  ; From Node ; To Node    ; Launch Clock ; Latch Clock ; Relationship ; Clock Skew ; Data Delay ;
+--------+-----------+------------+--------------+-------------+--------------+------------+------------+
; -0.617 ; qtemp[1]  ; q[1]$latch ; clk          ; reset       ; 1.000        ; 0.072      ; 0.729      ;
; -0.616 ; qtemp[0]  ; q[0]$latch ; clk          ; reset       ; 1.000        ; 0.083      ; 0.723      ;
; -0.612 ; qtemp[3]  ; q[3]$latch ; clk          ; reset       ; 1.000        ; 0.082      ; 0.734      ;
; -0.590 ; qtemp[2]  ; q[2]$latch ; clk          ; reset       ; 1.000        ; 0.081      ; 0.729      ;
+--------+-----------+------------+--------------+-------------+--------------+------------+------------+


+-----------------------------------------------------------------------------------------------------+
; Slow Model Setup: 'clk'                                                                             ;
+--------+-----------+----------+--------------+-------------+--------------+------------+------------+
; Slack  ; From Node ; To Node  ; Launch Clock ; Latch Clock ; Relationship ; Clock Skew ; Data Delay ;
+--------+-----------+----------+--------------+-------------+--------------+------------+------------+
; -0.091 ; qtemp[3]  ; qtemp[0] ; clk          ; clk         ; 1.000        ; 0.000      ; 1.127      ;
; -0.053 ; qtemp[2]  ; qtemp[3] ; clk          ; clk         ; 1.000        ; 0.000      ; 1.089      ;
; -0.049 ; qtemp[3]  ; qtemp[2] ; clk          ; clk         ; 1.000        ; 0.000      ; 1.085      ;
; -0.046 ; qtemp[3]  ; qtemp[1] ; clk          ; clk         ; 1.000        ; 0.000      ; 1.082      ;
; -0.046 ; qtemp[1]  ; qtemp[0] ; clk          ; clk         ; 1.000        ; 0.000      ; 1.082      ;
; -0.043 ; qtemp[0]  ; qtemp[2] ; clk          ; clk         ; 1.000        ; 0.000      ; 1.079      ;
; -0.013 ; qtemp[1]  ; qtemp[3] ; clk          ; clk         ; 1.000        ; 0.000      ; 1.049      ;
; 0.223  ; qtemp[2]  ; qtemp[0] ; clk          ; clk         ; 1.000        ; 0.000      ; 0.813      ;
; 0.225  ; qtemp[0]  ; qtemp[1] ; clk          ; clk         ; 1.000        ; 0.000      ; 0.811      ;
; 0.226  ; qtemp[0]  ; qtemp[3] ; clk          ; clk         ; 1.000        ; 0.000      ; 0.810      ;
; 0.227  ; qtemp[1]  ; qtemp[2] ; clk          ; clk         ; 1.000        ; 0.000      ; 0.809      ;
; 0.379  ; qtemp[0]  ; qtemp[0] ; clk          ; clk         ; 1.000        ; 0.000      ; 0.657      ;
; 0.379  ; qtemp[3]  ; qtemp[3] ; clk          ; clk         ; 1.000        ; 0.000      ; 0.657      ;
; 0.379  ; qtemp[2]  ; qtemp[2] ; clk          ; clk         ; 1.000        ; 0.000      ; 0.657      ;
; 0.379  ; qtemp[1]  ; qtemp[1] ; clk          ; clk         ; 1.000        ; 0.000      ; 0.657      ;
+--------+-----------+----------+--------------+-------------+--------------+------------+------------+


+----------------------------------------------------------------------------------------------------+
; Slow Model Hold: 'clk'                                                                             ;
+-------+-----------+----------+--------------+-------------+--------------+------------+------------+
; Slack ; From Node ; To Node  ; Launch Clock ; Latch Clock ; Relationship ; Clock Skew ; Data Delay ;
+-------+-----------+----------+--------------+-------------+--------------+------------+------------+
; 0.391 ; qtemp[3]  ; qtemp[3] ; clk          ; clk         ; 0.000        ; 0.000      ; 0.657      ;
; 0.391 ; qtemp[1]  ; qtemp[1] ; clk          ; clk         ; 0.000        ; 0.000      ; 0.657      ;
; 0.391 ; qtemp[2]  ; qtemp[2] ; clk          ; clk         ; 0.000        ; 0.000      ; 0.657      ;
; 0.391 ; qtemp[0]  ; qtemp[0] ; clk          ; clk         ; 0.000        ; 0.000      ; 0.657      ;
; 0.543 ; qtemp[1]  ; qtemp[2] ; clk          ; clk         ; 0.000        ; 0.000      ; 0.809      ;
; 0.544 ; qtemp[0]  ; qtemp[3] ; clk          ; clk         ; 0.000        ; 0.000      ; 0.810      ;
; 0.545 ; qtemp[0]  ; qtemp[1] ; clk          ; clk         ; 0.000        ; 0.000      ; 0.811      ;
; 0.547 ; qtemp[2]  ; qtemp[0] ; clk          ; clk         ; 0.000        ; 0.000      ; 0.813      ;
; 0.783 ; qtemp[1]  ; qtemp[3] ; clk          ; clk         ; 0.000        ; 0.000      ; 1.049      ;
; 0.813 ; qtemp[0]  ; qtemp[2] ; clk          ; clk         ; 0.000        ; 0.000      ; 1.079      ;
; 0.816 ; qtemp[3]  ; qtemp[1] ; clk          ; clk         ; 0.000        ; 0.000      ; 1.082      ;
; 0.816 ; qtemp[1]  ; qtemp[0] ; clk          ; clk         ; 0.000        ; 0.000      ; 1.082      ;
; 0.819 ; qtemp[3]  ; qtemp[2] ; clk          ; clk         ; 0.000        ; 0.000      ; 1.085      ;
; 0.823 ; qtemp[2]  ; qtemp[3] ; clk          ; clk         ; 0.000        ; 0.000      ; 1.089      ;
; 0.861 ; qtemp[3]  ; qtemp[0] ; clk          ; clk         ; 0.000        ; 0.000      ; 1.127      ;
+-------+-----------+----------+--------------+-------------+--------------+------------+------------+


+------------------------------------------------------------------------------------------------------+
; Slow Model Hold: 'reset'                                                                             ;
+-------+-----------+------------+--------------+-------------+--------------+------------+------------+
; Slack ; From Node ; To Node    ; Launch Clock ; Latch Clock ; Relationship ; Clock Skew ; Data Delay ;
+-------+-----------+------------+--------------+-------------+--------------+------------+------------+
; 0.640 ; qtemp[0]  ; q[0]$latch ; clk          ; reset       ; 0.000        ; 0.083      ; 0.723      ;
; 0.648 ; qtemp[2]  ; q[2]$latch ; clk          ; reset       ; 0.000        ; 0.081      ; 0.729      ;
; 0.652 ; qtemp[3]  ; q[3]$latch ; clk          ; reset       ; 0.000        ; 0.082      ; 0.734      ;
; 0.657 ; qtemp[1]  ; q[1]$latch ; clk          ; reset       ; 0.000        ; 0.072      ; 0.729      ;
+-------+-----------+------------+--------------+-------------+--------------+------------+------------+


+-----------------------------------------------------------------------------------------------------+
; Slow Model Recovery: 'clk'                                                                          ;
+--------+-----------+----------+--------------+-------------+--------------+------------+------------+
; Slack  ; From Node ; To Node  ; Launch Clock ; Latch Clock ; Relationship ; Clock Skew ; Data Delay ;
+--------+-----------+----------+--------------+-------------+--------------+------------+------------+
; -0.010 ; reset     ; qtemp[3] ; reset        ; clk         ; 0.500        ; 2.686      ; 3.232      ;
; -0.010 ; reset     ; qtemp[1] ; reset        ; clk         ; 0.500        ; 2.686      ; 3.232      ;
; -0.010 ; reset     ; qtemp[2] ; reset        ; clk         ; 0.500        ; 2.686      ; 3.232      ;
; -0.010 ; reset     ; qtemp[0] ; reset        ; clk         ; 0.500        ; 2.686      ; 3.232      ;
; 0.490  ; reset     ; qtemp[3] ; reset        ; clk         ; 1.000        ; 2.686      ; 3.232      ;
; 0.490  ; reset     ; qtemp[1] ; reset        ; clk         ; 1.000        ; 2.686      ; 3.232      ;
; 0.490  ; reset     ; qtemp[2] ; reset        ; clk         ; 1.000        ; 2.686      ; 3.232      ;
; 0.490  ; reset     ; qtemp[0] ; reset        ; clk         ; 1.000        ; 2.686      ; 3.232      ;
+--------+-----------+----------+--------------+-------------+--------------+------------+------------+


+----------------------------------------------------------------------------------------------------+
; Slow Model Removal: 'clk'                                                                          ;
+-------+-----------+----------+--------------+-------------+--------------+------------+------------+
; Slack ; From Node ; To Node  ; Launch Clock ; Latch Clock ; Relationship ; Clock Skew ; Data Delay ;
+-------+-----------+----------+--------------+-------------+--------------+------------+------------+
; 0.280 ; reset     ; qtemp[3] ; reset        ; clk         ; 0.000        ; 2.686      ; 3.232      ;
; 0.280 ; reset     ; qtemp[1] ; reset        ; clk         ; 0.000        ; 2.686      ; 3.232      ;
; 0.280 ; reset     ; qtemp[2] ; reset        ; clk         ; 0.000        ; 2.686      ; 3.232      ;
; 0.280 ; reset     ; qtemp[0] ; reset        ; clk         ; 0.000        ; 2.686      ; 3.232      ;
; 0.780 ; reset     ; qtemp[3] ; reset        ; clk         ; -0.500       ; 2.686      ; 3.232      ;
; 0.780 ; reset     ; qtemp[1] ; reset        ; clk         ; -0.500       ; 2.686      ; 3.232      ;
; 0.780 ; reset     ; qtemp[2] ; reset        ; clk         ; -0.500       ; 2.686      ; 3.232      ;
; 0.780 ; reset     ; qtemp[0] ; reset        ; clk         ; -0.500       ; 2.686      ; 3.232      ;
+-------+-----------+----------+--------------+-------------+--------------+------------+------------+


+-------------------------------------------------------------------------------------------------------+
; Slow Model Minimum Pulse Width: 'clk'                                                                 ;
+--------+--------------+----------------+------------------+-------+------------+----------------------+
; Slack  ; Actual Width ; Required Width ; Type             ; Clock ; Clock Edge ; Target               ;
+--------+--------------+----------------+------------------+-------+------------+----------------------+
; -1.380 ; 1.000        ; 2.380          ; Port Rate        ; clk   ; Rise       ; clk                  ;
; -0.500 ; 0.500        ; 1.000          ; High Pulse Width ; clk   ; Rise       ; qtemp[0]             ;
; -0.500 ; 0.500        ; 1.000          ; Low Pulse Width  ; clk   ; Rise       ; qtemp[0]             ;
; -0.500 ; 0.500        ; 1.000          ; High Pulse Width ; clk   ; Rise       ; qtemp[1]             ;
; -0.500 ; 0.500        ; 1.000          ; Low Pulse Width  ; clk   ; Rise       ; qtemp[1]             ;
; -0.500 ; 0.500        ; 1.000          ; High Pulse Width ; clk   ; Rise       ; qtemp[2]             ;
; -0.500 ; 0.500        ; 1.000          ; Low Pulse Width  ; clk   ; Rise       ; qtemp[2]             ;
; -0.500 ; 0.500        ; 1.000          ; High Pulse Width ; clk   ; Rise       ; qtemp[3]             ;
; -0.500 ; 0.500        ; 1.000          ; Low Pulse Width  ; clk   ; Rise       ; qtemp[3]             ;
; 0.500  ; 0.500        ; 0.000          ; High Pulse Width ; clk   ; Rise       ; clk|combout          ;
; 0.500  ; 0.500        ; 0.000          ; Low Pulse Width  ; clk   ; Rise       ; clk|combout          ;
; 0.500  ; 0.500        ; 0.000          ; High Pulse Width ; clk   ; Rise       ; clk~clkctrl|inclk[0] ;
; 0.500  ; 0.500        ; 0.000          ; Low Pulse Width  ; clk   ; Rise       ; clk~clkctrl|inclk[0] ;
; 0.500  ; 0.500        ; 0.000          ; High Pulse Width ; clk   ; Rise       ; clk~clkctrl|outclk   ;
; 0.500  ; 0.500        ; 0.000          ; Low Pulse Width  ; clk   ; Rise       ; clk~clkctrl|outclk   ;
; 0.500  ; 0.500        ; 0.000          ; High Pulse Width ; clk   ; Rise       ; qtemp[0]|clk         ;
; 0.500  ; 0.500        ; 0.000          ; Low Pulse Width  ; clk   ; Rise       ; qtemp[0]|clk         ;
; 0.500  ; 0.500        ; 0.000          ; High Pulse Width ; clk   ; Rise       ; qtemp[1]|clk         ;
; 0.500  ; 0.500        ; 0.000          ; Low Pulse Width  ; clk   ; Rise       ; qtemp[1]|clk         ;
; 0.500  ; 0.500        ; 0.000          ; High Pulse Width ; clk   ; Rise       ; qtemp[2]|clk         ;
; 0.500  ; 0.500        ; 0.000          ; Low Pulse Width  ; clk   ; Rise       ; qtemp[2]|clk         ;
; 0.500  ; 0.500        ; 0.000          ; High Pulse Width ; clk   ; Rise       ; qtemp[3]|clk         ;
; 0.500  ; 0.500        ; 0.000          ; Low Pulse Width  ; clk   ; Rise       ; qtemp[3]|clk         ;
+--------+--------------+----------------+------------------+-------+------------+----------------------+


+---------------------------------------------------------------------------------------------------------+
; Slow Model Minimum Pulse Width: 'reset'                                                                 ;
+--------+--------------+----------------+------------------+-------+------------+------------------------+
; Slack  ; Actual Width ; Required Width ; Type             ; Clock ; Clock Edge ; Target                 ;
+--------+--------------+----------------+------------------+-------+------------+------------------------+
; -1.380 ; 1.000        ; 2.380          ; Port Rate        ; reset ; Rise       ; reset                  ;
; 0.500  ; 0.500        ; 0.000          ; High Pulse Width ; reset ; Rise       ; q[0]$latch             ;
; 0.500  ; 0.500        ; 0.000          ; Low Pulse Width  ; reset ; Rise       ; q[0]$latch             ;
; 0.500  ; 0.500        ; 0.000          ; High Pulse Width ; reset ; Rise       ; q[0]$latch|datac       ;
; 0.500  ; 0.500        ; 0.000          ; Low Pulse Width  ; reset ; Rise       ; q[0]$latch|datac       ;
; 0.500  ; 0.500        ; 0.000          ; High Pulse Width ; reset ; Rise       ; q[1]$latch             ;
; 0.500  ; 0.500        ; 0.000          ; Low Pulse Width  ; reset ; Rise       ; q[1]$latch             ;
; 0.500  ; 0.500        ; 0.000          ; High Pulse Width ; reset ; Rise       ; q[1]$latch|datac       ;
; 0.500  ; 0.500        ; 0.000          ; Low Pulse Width  ; reset ; Rise       ; q[1]$latch|datac       ;
; 0.500  ; 0.500        ; 0.000          ; High Pulse Width ; reset ; Rise       ; q[2]$latch             ;
; 0.500  ; 0.500        ; 0.000          ; Low Pulse Width  ; reset ; Rise       ; q[2]$latch             ;
; 0.500  ; 0.500        ; 0.000          ; High Pulse Width ; reset ; Rise       ; q[2]$latch|datac       ;
; 0.500  ; 0.500        ; 0.000          ; Low Pulse Width  ; reset ; Rise       ; q[2]$latch|datac       ;
; 0.500  ; 0.500        ; 0.000          ; High Pulse Width ; reset ; Rise       ; q[3]$latch             ;
; 0.500  ; 0.500        ; 0.000          ; Low Pulse Width  ; reset ; Rise       ; q[3]$latch             ;
; 0.500  ; 0.500        ; 0.000          ; High Pulse Width ; reset ; Rise       ; q[3]$latch|datac       ;
; 0.500  ; 0.500        ; 0.000          ; Low Pulse Width  ; reset ; Rise       ; q[3]$latch|datac       ;
; 0.500  ; 0.500        ; 0.000          ; High Pulse Width ; reset ; Rise       ; reset|combout          ;
; 0.500  ; 0.500        ; 0.000          ; Low Pulse Width  ; reset ; Rise       ; reset|combout          ;
; 0.500  ; 0.500        ; 0.000          ; High Pulse Width ; reset ; Rise       ; reset~clkctrl|inclk[0] ;
; 0.500  ; 0.500        ; 0.000          ; Low Pulse Width  ; reset ; Rise       ; reset~clkctrl|inclk[0] ;
; 0.500  ; 0.500        ; 0.000          ; High Pulse Width ; reset ; Rise       ; reset~clkctrl|outclk   ;
; 0.500  ; 0.500        ; 0.000          ; Low Pulse Width  ; reset ; Rise       ; reset~clkctrl|outclk   ;
+--------+--------------+----------------+------------------+-------+------------+------------------------+


+-----------------------------------------------------------------------+
; Clock to Output Times                                                 ;
+-----------+------------+-------+-------+------------+-----------------+
; Data Port ; Clock Port ; Rise  ; Fall  ; Clock Edge ; Clock Reference ;
+-----------+------------+-------+-------+------------+-----------------+
; q[*]      ; reset      ; 6.352 ; 6.352 ; Rise       ; reset           ;
;  q[0]     ; reset      ; 6.352 ; 6.352 ; Rise       ; reset           ;
;  q[1]     ; reset      ; 6.151 ; 6.151 ; Rise       ; reset           ;
;  q[2]     ; reset      ; 6.132 ; 6.132 ; Rise       ; reset           ;
;  q[3]     ; reset      ; 6.141 ; 6.141 ; Rise       ; reset           ;
+-----------+------------+-------+-------+------------+-----------------+


+-----------------------------------------------------------------------+
; Minimum Clock to Output Times                                         ;
+-----------+------------+-------+-------+------------+-----------------+
; Data Port ; Clock Port ; Rise  ; Fall  ; Clock Edge ; Clock Reference ;
+-----------+------------+-------+-------+------------+-----------------+
; q[*]      ; reset      ; 6.132 ; 6.132 ; Rise       ; reset           ;
;  q[0]     ; reset      ; 6.352 ; 6.352 ; Rise       ; reset           ;
;  q[1]     ; reset      ; 6.151 ; 6.151 ; Rise       ; reset           ;
;  q[2]     ; reset      ; 6.132 ; 6.132 ; Rise       ; reset           ;
;  q[3]     ; reset      ; 6.141 ; 6.141 ; Rise       ; reset           ;
+-----------+------------+-------+-------+------------+-----------------+


+-------------------------------+
; Fast Model Setup Summary      ;
+-------+-------+---------------+
; Clock ; Slack ; End Point TNS ;
+-------+-------+---------------+
; reset ; 0.183 ; 0.000         ;
; clk   ; 0.489 ; 0.000         ;
+-------+-------+---------------+


+-------------------------------+
; Fast Model Hold Summary       ;
+-------+-------+---------------+
; Clock ; Slack ; End Point TNS ;
+-------+-------+---------------+
; clk   ; 0.215 ; 0.000         ;
; reset ; 0.409 ; 0.000         ;
+-------+-------+---------------+


+-------------------------------+
; Fast Model Recovery Summary   ;
+-------+-------+---------------+
; Clock ; Slack ; End Point TNS ;
+-------+-------+---------------+
; clk   ; 0.256 ; 0.000         ;
+-------+-------+---------------+


+-------------------------------+
; Fast Model Removal Summary    ;
+-------+-------+---------------+
; Clock ; Slack ; End Point TNS ;
+-------+-------+---------------+
; clk   ; 0.124 ; 0.000         ;
+-------+-------+---------------+


+----------------------------------------+
; Fast Model Minimum Pulse Width Summary ;
+-------+--------+-----------------------+
; Clock ; Slack  ; End Point TNS         ;
+-------+--------+-----------------------+
; clk   ; -1.380 ; -5.380                ;
; reset ; -1.380 ; -1.380                ;
+-------+--------+-----------------------+


+------------------------------------------------------------------------------------------------------+
; Fast Model Setup: 'reset'                                                                            ;
+-------+-----------+------------+--------------+-------------+--------------+------------+------------+
; Slack ; From Node ; To Node    ; Launch Clock ; Latch Clock ; Relationship ; Clock Skew ; Data Delay ;
+-------+-----------+------------+--------------+-------------+--------------+------------+------------+
; 0.183 ; qtemp[1]  ; q[1]$latch ; clk          ; reset       ; 1.000        ; -0.056     ; 0.366      ;
; 0.186 ; qtemp[3]  ; q[3]$latch ; clk          ; reset       ; 1.000        ; -0.049     ; 0.369      ;
; 0.193 ; qtemp[0]  ; q[0]$latch ; clk          ; reset       ; 1.000        ; -0.048     ; 0.361      ;
; 0.197 ; qtemp[2]  ; q[2]$latch ; clk          ; reset       ; 1.000        ; -0.050     ; 0.366      ;
+-------+-----------+------------+--------------+-------------+--------------+------------+------------+


+----------------------------------------------------------------------------------------------------+
; Fast Model Setup: 'clk'                                                                            ;
+-------+-----------+----------+--------------+-------------+--------------+------------+------------+
; Slack ; From Node ; To Node  ; Launch Clock ; Latch Clock ; Relationship ; Clock Skew ; Data Delay ;
+-------+-----------+----------+--------------+-------------+--------------+------------+------------+
; 0.489 ; qtemp[2]  ; qtemp[3] ; clk          ; clk         ; 1.000        ; 0.000      ; 0.543      ;
; 0.491 ; qtemp[3]  ; qtemp[0] ; clk          ; clk         ; 1.000        ; 0.000      ; 0.541      ;
; 0.494 ; qtemp[3]  ; qtemp[2] ; clk          ; clk         ; 1.000        ; 0.000      ; 0.538      ;
; 0.496 ; qtemp[3]  ; qtemp[1] ; clk          ; clk         ; 1.000        ; 0.000      ; 0.536      ;
; 0.507 ; qtemp[1]  ; qtemp[3] ; clk          ; clk         ; 1.000        ; 0.000      ; 0.525      ;
; 0.507 ; qtemp[1]  ; qtemp[0] ; clk          ; clk         ; 1.000        ; 0.000      ; 0.525      ;
; 0.509 ; qtemp[0]  ; qtemp[2] ; clk          ; clk         ; 1.000        ; 0.000      ; 0.523      ;
; 0.624 ; qtemp[2]  ; qtemp[0] ; clk          ; clk         ; 1.000        ; 0.000      ; 0.408      ;
; 0.625 ; qtemp[0]  ; qtemp[3] ; clk          ; clk         ; 1.000        ; 0.000      ; 0.407      ;
; 0.625 ; qtemp[0]  ; qtemp[1] ; clk          ; clk         ; 1.000        ; 0.000      ; 0.407      ;
; 0.627 ; qtemp[1]  ; qtemp[2] ; clk          ; clk         ; 1.000        ; 0.000      ; 0.405      ;
; 0.665 ; qtemp[3]  ; qtemp[3] ; clk          ; clk         ; 1.000        ; 0.000      ; 0.367      ;
; 0.665 ; qtemp[0]  ; qtemp[0] ; clk          ; clk         ; 1.000        ; 0.000      ; 0.367      ;
; 0.665 ; qtemp[2]  ; qtemp[2] ; clk          ; clk         ; 1.000        ; 0.000      ; 0.367      ;
; 0.665 ; qtemp[1]  ; qtemp[1] ; clk          ; clk         ; 1.000        ; 0.000      ; 0.367      ;
+-------+-----------+----------+--------------+-------------+--------------+------------+------------+


+----------------------------------------------------------------------------------------------------+
; Fast Model Hold: 'clk'                                                                             ;
+-------+-----------+----------+--------------+-------------+--------------+------------+------------+
; Slack ; From Node ; To Node  ; Launch Clock ; Latch Clock ; Relationship ; Clock Skew ; Data Delay ;
+-------+-----------+----------+--------------+-------------+--------------+------------+------------+
; 0.215 ; qtemp[3]  ; qtemp[3] ; clk          ; clk         ; 0.000        ; 0.000      ; 0.367      ;
; 0.215 ; qtemp[1]  ; qtemp[1] ; clk          ; clk         ; 0.000        ; 0.000      ; 0.367      ;
; 0.215 ; qtemp[2]  ; qtemp[2] ; clk          ; clk         ; 0.000        ; 0.000      ; 0.367      ;
; 0.215 ; qtemp[0]  ; qtemp[0] ; clk          ; clk         ; 0.000        ; 0.000      ; 0.367      ;
; 0.253 ; qtemp[1]  ; qtemp[2] ; clk          ; clk         ; 0.000        ; 0.000      ; 0.405      ;
; 0.255 ; qtemp[0]  ; qtemp[3] ; clk          ; clk         ; 0.000        ; 0.000      ; 0.407      ;
; 0.255 ; qtemp[0]  ; qtemp[1] ; clk          ; clk         ; 0.000        ; 0.000      ; 0.407      ;
; 0.256 ; qtemp[2]  ; qtemp[0] ; clk          ; clk         ; 0.000        ; 0.000      ; 0.408      ;
; 0.371 ; qtemp[0]  ; qtemp[2] ; clk          ; clk         ; 0.000        ; 0.000      ; 0.523      ;
; 0.373 ; qtemp[1]  ; qtemp[3] ; clk          ; clk         ; 0.000        ; 0.000      ; 0.525      ;
; 0.373 ; qtemp[1]  ; qtemp[0] ; clk          ; clk         ; 0.000        ; 0.000      ; 0.525      ;
; 0.384 ; qtemp[3]  ; qtemp[1] ; clk          ; clk         ; 0.000        ; 0.000      ; 0.536      ;
; 0.386 ; qtemp[3]  ; qtemp[2] ; clk          ; clk         ; 0.000        ; 0.000      ; 0.538      ;
; 0.389 ; qtemp[3]  ; qtemp[0] ; clk          ; clk         ; 0.000        ; 0.000      ; 0.541      ;
; 0.391 ; qtemp[2]  ; qtemp[3] ; clk          ; clk         ; 0.000        ; 0.000      ; 0.543      ;
+-------+-----------+----------+--------------+-------------+--------------+------------+------------+


+------------------------------------------------------------------------------------------------------+
; Fast Model Hold: 'reset'                                                                             ;
+-------+-----------+------------+--------------+-------------+--------------+------------+------------+
; Slack ; From Node ; To Node    ; Launch Clock ; Latch Clock ; Relationship ; Clock Skew ; Data Delay ;
+-------+-----------+------------+--------------+-------------+--------------+------------+------------+
; 0.409 ; qtemp[0]  ; q[0]$latch ; clk          ; reset       ; 0.000        ; -0.048     ; 0.361      ;
; 0.416 ; qtemp[2]  ; q[2]$latch ; clk          ; reset       ; 0.000        ; -0.050     ; 0.366      ;
; 0.418 ; qtemp[3]  ; q[3]$latch ; clk          ; reset       ; 0.000        ; -0.049     ; 0.369      ;
; 0.422 ; qtemp[1]  ; q[1]$latch ; clk          ; reset       ; 0.000        ; -0.056     ; 0.366      ;
+-------+-----------+------------+--------------+-------------+--------------+------------+------------+


+----------------------------------------------------------------------------------------------------+
; Fast Model Recovery: 'clk'                                                                         ;
+-------+-----------+----------+--------------+-------------+--------------+------------+------------+
; Slack ; From Node ; To Node  ; Launch Clock ; Latch Clock ; Relationship ; Clock Skew ; Data Delay ;
+-------+-----------+----------+--------------+-------------+--------------+------------+------------+
; 0.256 ; reset     ; qtemp[3] ; reset        ; clk         ; 0.500        ; 1.663      ; 1.939      ;
; 0.256 ; reset     ; qtemp[1] ; reset        ; clk         ; 0.500        ; 1.663      ; 1.939      ;
; 0.256 ; reset     ; qtemp[2] ; reset        ; clk         ; 0.500        ; 1.663      ; 1.939      ;
; 0.256 ; reset     ; qtemp[0] ; reset        ; clk         ; 0.500        ; 1.663      ; 1.939      ;
; 0.756 ; reset     ; qtemp[3] ; reset        ; clk         ; 1.000        ; 1.663      ; 1.939      ;
; 0.756 ; reset     ; qtemp[1] ; reset        ; clk         ; 1.000        ; 1.663      ; 1.939      ;
; 0.756 ; reset     ; qtemp[2] ; reset        ; clk         ; 1.000        ; 1.663      ; 1.939      ;
; 0.756 ; reset     ; qtemp[0] ; reset        ; clk         ; 1.000        ; 1.663      ; 1.939      ;
+-------+-----------+----------+--------------+-------------+--------------+------------+------------+


+----------------------------------------------------------------------------------------------------+
; Fast Model Removal: 'clk'                                                                          ;
+-------+-----------+----------+--------------+-------------+--------------+------------+------------+
; Slack ; From Node ; To Node  ; Launch Clock ; Latch Clock ; Relationship ; Clock Skew ; Data Delay ;
+-------+-----------+----------+--------------+-------------+--------------+------------+------------+
; 0.124 ; reset     ; qtemp[3] ; reset        ; clk         ; 0.000        ; 1.663      ; 1.939      ;
; 0.124 ; reset     ; qtemp[1] ; reset        ; clk         ; 0.000        ; 1.663      ; 1.939      ;
; 0.124 ; reset     ; qtemp[2] ; reset        ; clk         ; 0.000        ; 1.663      ; 1.939      ;
; 0.124 ; reset     ; qtemp[0] ; reset        ; clk         ; 0.000        ; 1.663      ; 1.939      ;
; 0.624 ; reset     ; qtemp[3] ; reset        ; clk         ; -0.500       ; 1.663      ; 1.939      ;
; 0.624 ; reset     ; qtemp[1] ; reset        ; clk         ; -0.500       ; 1.663      ; 1.939      ;
; 0.624 ; reset     ; qtemp[2] ; reset        ; clk         ; -0.500       ; 1.663      ; 1.939      ;
; 0.624 ; reset     ; qtemp[0] ; reset        ; clk         ; -0.500       ; 1.663      ; 1.939      ;
+-------+-----------+----------+--------------+-------------+--------------+------------+------------+


+-------------------------------------------------------------------------------------------------------+
; Fast Model Minimum Pulse Width: 'clk'                                                                 ;
+--------+--------------+----------------+------------------+-------+------------+----------------------+
; Slack  ; Actual Width ; Required Width ; Type             ; Clock ; Clock Edge ; Target               ;
+--------+--------------+----------------+------------------+-------+------------+----------------------+
; -1.380 ; 1.000        ; 2.380          ; Port Rate        ; clk   ; Rise       ; clk                  ;
; -0.500 ; 0.500        ; 1.000          ; High Pulse Width ; clk   ; Rise       ; qtemp[0]             ;
; -0.500 ; 0.500        ; 1.000          ; Low Pulse Width  ; clk   ; Rise       ; qtemp[0]             ;
; -0.500 ; 0.500        ; 1.000          ; High Pulse Width ; clk   ; Rise       ; qtemp[1]             ;
; -0.500 ; 0.500        ; 1.000          ; Low Pulse Width  ; clk   ; Rise       ; qtemp[1]             ;
; -0.500 ; 0.500        ; 1.000          ; High Pulse Width ; clk   ; Rise       ; qtemp[2]             ;
; -0.500 ; 0.500        ; 1.000          ; Low Pulse Width  ; clk   ; Rise       ; qtemp[2]             ;
; -0.500 ; 0.500        ; 1.000          ; High Pulse Width ; clk   ; Rise       ; qtemp[3]             ;
; -0.500 ; 0.500        ; 1.000          ; Low Pulse Width  ; clk   ; Rise       ; qtemp[3]             ;
; 0.500  ; 0.500        ; 0.000          ; High Pulse Width ; clk   ; Rise       ; clk|combout          ;
; 0.500  ; 0.500        ; 0.000          ; Low Pulse Width  ; clk   ; Rise       ; clk|combout          ;
; 0.500  ; 0.500        ; 0.000          ; High Pulse Width ; clk   ; Rise       ; clk~clkctrl|inclk[0] ;
; 0.500  ; 0.500        ; 0.000          ; Low Pulse Width  ; clk   ; Rise       ; clk~clkctrl|inclk[0] ;
; 0.500  ; 0.500        ; 0.000          ; High Pulse Width ; clk   ; Rise       ; clk~clkctrl|outclk   ;
; 0.500  ; 0.500        ; 0.000          ; Low Pulse Width  ; clk   ; Rise       ; clk~clkctrl|outclk   ;
; 0.500  ; 0.500        ; 0.000          ; High Pulse Width ; clk   ; Rise       ; qtemp[0]|clk         ;
; 0.500  ; 0.500        ; 0.000          ; Low Pulse Width  ; clk   ; Rise       ; qtemp[0]|clk         ;
; 0.500  ; 0.500        ; 0.000          ; High Pulse Width ; clk   ; Rise       ; qtemp[1]|clk         ;
; 0.500  ; 0.500        ; 0.000          ; Low Pulse Width  ; clk   ; Rise       ; qtemp[1]|clk         ;
; 0.500  ; 0.500        ; 0.000          ; High Pulse Width ; clk   ; Rise       ; qtemp[2]|clk         ;
; 0.500  ; 0.500        ; 0.000          ; Low Pulse Width  ; clk   ; Rise       ; qtemp[2]|clk         ;
; 0.500  ; 0.500        ; 0.000          ; High Pulse Width ; clk   ; Rise       ; qtemp[3]|clk         ;
; 0.500  ; 0.500        ; 0.000          ; Low Pulse Width  ; clk   ; Rise       ; qtemp[3]|clk         ;
+--------+--------------+----------------+------------------+-------+------------+----------------------+


+---------------------------------------------------------------------------------------------------------+
; Fast Model Minimum Pulse Width: 'reset'                                                                 ;
+--------+--------------+----------------+------------------+-------+------------+------------------------+
; Slack  ; Actual Width ; Required Width ; Type             ; Clock ; Clock Edge ; Target                 ;
+--------+--------------+----------------+------------------+-------+------------+------------------------+
; -1.380 ; 1.000        ; 2.380          ; Port Rate        ; reset ; Rise       ; reset                  ;
; 0.500  ; 0.500        ; 0.000          ; High Pulse Width ; reset ; Rise       ; q[0]$latch             ;
; 0.500  ; 0.500        ; 0.000          ; Low Pulse Width  ; reset ; Rise       ; q[0]$latch             ;
; 0.500  ; 0.500        ; 0.000          ; High Pulse Width ; reset ; Rise       ; q[0]$latch|datac       ;
; 0.500  ; 0.500        ; 0.000          ; Low Pulse Width  ; reset ; Rise       ; q[0]$latch|datac       ;
; 0.500  ; 0.500        ; 0.000          ; High Pulse Width ; reset ; Rise       ; q[1]$latch             ;
; 0.500  ; 0.500        ; 0.000          ; Low Pulse Width  ; reset ; Rise       ; q[1]$latch             ;
; 0.500  ; 0.500        ; 0.000          ; High Pulse Width ; reset ; Rise       ; q[1]$latch|datac       ;
; 0.500  ; 0.500        ; 0.000          ; Low Pulse Width  ; reset ; Rise       ; q[1]$latch|datac       ;
; 0.500  ; 0.500        ; 0.000          ; High Pulse Width ; reset ; Rise       ; q[2]$latch             ;
; 0.500  ; 0.500        ; 0.000          ; Low Pulse Width  ; reset ; Rise       ; q[2]$latch             ;
; 0.500  ; 0.500        ; 0.000          ; High Pulse Width ; reset ; Rise       ; q[2]$latch|datac       ;
; 0.500  ; 0.500        ; 0.000          ; Low Pulse Width  ; reset ; Rise       ; q[2]$latch|datac       ;
; 0.500  ; 0.500        ; 0.000          ; High Pulse Width ; reset ; Rise       ; q[3]$latch             ;
; 0.500  ; 0.500        ; 0.000          ; Low Pulse Width  ; reset ; Rise       ; q[3]$latch             ;
; 0.500  ; 0.500        ; 0.000          ; High Pulse Width ; reset ; Rise       ; q[3]$latch|datac       ;
; 0.500  ; 0.500        ; 0.000          ; Low Pulse Width  ; reset ; Rise       ; q[3]$latch|datac       ;
; 0.500  ; 0.500        ; 0.000          ; High Pulse Width ; reset ; Rise       ; reset|combout          ;
; 0.500  ; 0.500        ; 0.000          ; Low Pulse Width  ; reset ; Rise       ; reset|combout          ;
; 0.500  ; 0.500        ; 0.000          ; High Pulse Width ; reset ; Rise       ; reset~clkctrl|inclk[0] ;
; 0.500  ; 0.500        ; 0.000          ; Low Pulse Width  ; reset ; Rise       ; reset~clkctrl|inclk[0] ;
; 0.500  ; 0.500        ; 0.000          ; High Pulse Width ; reset ; Rise       ; reset~clkctrl|outclk   ;
; 0.500  ; 0.500        ; 0.000          ; Low Pulse Width  ; reset ; Rise       ; reset~clkctrl|outclk   ;
+--------+--------------+----------------+------------------+-------+------------+------------------------+


+-----------------------------------------------------------------------+
; Clock to Output Times                                                 ;
+-----------+------------+-------+-------+------------+-----------------+
; Data Port ; Clock Port ; Rise  ; Fall  ; Clock Edge ; Clock Reference ;
+-----------+------------+-------+-------+------------+-----------------+
; q[*]      ; reset      ; 3.516 ; 3.516 ; Rise       ; reset           ;
;  q[0]     ; reset      ; 3.516 ; 3.516 ; Rise       ; reset           ;
;  q[1]     ; reset      ; 3.427 ; 3.427 ; Rise       ; reset           ;
;  q[2]     ; reset      ; 3.404 ; 3.404 ; Rise       ; reset           ;
;  q[3]     ; reset      ; 3.411 ; 3.411 ; Rise       ; reset           ;
+-----------+------------+-------+-------+------------+-----------------+


+-----------------------------------------------------------------------+
; Minimum Clock to Output Times                                         ;
+-----------+------------+-------+-------+------------+-----------------+
; Data Port ; Clock Port ; Rise  ; Fall  ; Clock Edge ; Clock Reference ;
+-----------+------------+-------+-------+------------+-----------------+
; q[*]      ; reset      ; 3.404 ; 3.404 ; Rise       ; reset           ;
;  q[0]     ; reset      ; 3.516 ; 3.516 ; Rise       ; reset           ;
;  q[1]     ; reset      ; 3.427 ; 3.427 ; Rise       ; reset           ;
;  q[2]     ; reset      ; 3.404 ; 3.404 ; Rise       ; reset           ;
;  q[3]     ; reset      ; 3.411 ; 3.411 ; Rise       ; reset           ;
+-----------+------------+-------+-------+------------+-----------------+


+------------------------------------------------------------------------------+
; Multicorner Timing Analysis Summary                                          ;
+------------------+--------+-------+----------+---------+---------------------+
; Clock            ; Setup  ; Hold  ; Recovery ; Removal ; Minimum Pulse Width ;
+------------------+--------+-------+----------+---------+---------------------+
; Worst-case Slack ; -0.617 ; 0.215 ; -0.010   ; 0.124   ; -1.380              ;
;  clk             ; -0.091 ; 0.215 ; -0.010   ; 0.124   ; -1.380              ;
;  reset           ; -0.617 ; 0.409 ; N/A      ; N/A     ; -1.380              ;
; Design-wide TNS  ; -2.674 ; 0.0   ; -0.04    ; 0.0     ; -6.76               ;
;  clk             ; -0.239 ; 0.000 ; -0.040   ; 0.000   ; -5.380              ;
;  reset           ; -2.435 ; 0.000 ; N/A      ; N/A     ; -1.380              ;
+------------------+--------+-------+----------+---------+---------------------+


+-----------------------------------------------------------------------+
; Clock to Output Times                                                 ;
+-----------+------------+-------+-------+------------+-----------------+
; Data Port ; Clock Port ; Rise  ; Fall  ; Clock Edge ; Clock Reference ;
+-----------+------------+-------+-------+------------+-----------------+
; q[*]      ; reset      ; 6.352 ; 6.352 ; Rise       ; reset           ;
;  q[0]     ; reset      ; 6.352 ; 6.352 ; Rise       ; reset           ;
;  q[1]     ; reset      ; 6.151 ; 6.151 ; Rise       ; reset           ;
;  q[2]     ; reset      ; 6.132 ; 6.132 ; Rise       ; reset           ;
;  q[3]     ; reset      ; 6.141 ; 6.141 ; Rise       ; reset           ;
+-----------+------------+-------+-------+------------+-----------------+


+-----------------------------------------------------------------------+
; Minimum Clock to Output Times                                         ;
+-----------+------------+-------+-------+------------+-----------------+
; Data Port ; Clock Port ; Rise  ; Fall  ; Clock Edge ; Clock Reference ;
+-----------+------------+-------+-------+------------+-----------------+
; q[*]      ; reset      ; 3.404 ; 3.404 ; Rise       ; reset           ;
;  q[0]     ; reset      ; 3.516 ; 3.516 ; Rise       ; reset           ;
;  q[1]     ; reset      ; 3.427 ; 3.427 ; Rise       ; reset           ;
;  q[2]     ; reset      ; 3.404 ; 3.404 ; Rise       ; reset           ;
;  q[3]     ; reset      ; 3.411 ; 3.411 ; Rise       ; reset           ;
+-----------+------------+-------+-------+------------+-----------------+


+-------------------------------------------------------------------+
; Setup Transfers                                                   ;
+------------+----------+----------+----------+----------+----------+
; From Clock ; To Clock ; RR Paths ; FR Paths ; RF Paths ; FF Paths ;
+------------+----------+----------+----------+----------+----------+
; clk        ; clk      ; 15       ; 0        ; 0        ; 0        ;
; clk        ; reset    ; 4        ; 0        ; 0        ; 0        ;
+------------+----------+----------+----------+----------+----------+
Entries labeled "false path" only account for clock-to-clock false paths and not path-based false paths. As a result, actual path counts may be lower than reported.


+-------------------------------------------------------------------+
; Hold Transfers                                                    ;
+------------+----------+----------+----------+----------+----------+
; From Clock ; To Clock ; RR Paths ; FR Paths ; RF Paths ; FF Paths ;
+------------+----------+----------+----------+----------+----------+
; clk        ; clk      ; 15       ; 0        ; 0        ; 0        ;
; clk        ; reset    ; 4        ; 0        ; 0        ; 0        ;
+------------+----------+----------+----------+----------+----------+
Entries labeled "false path" only account for clock-to-clock false paths and not path-based false paths. As a result, actual path counts may be lower than reported.


+-------------------------------------------------------------------+
; Recovery Transfers                                                ;
+------------+----------+----------+----------+----------+----------+
; From Clock ; To Clock ; RR Paths ; FR Paths ; RF Paths ; FF Paths ;
+------------+----------+----------+----------+----------+----------+
; reset      ; clk      ; 4        ; 4        ; 0        ; 0        ;
+------------+----------+----------+----------+----------+----------+
Entries labeled "false path" only account for clock-to-clock false paths and not path-based false paths. As a result, actual path counts may be lower than reported.


+-------------------------------------------------------------------+
; Removal Transfers                                                 ;
+------------+----------+----------+----------+----------+----------+
; From Clock ; To Clock ; RR Paths ; FR Paths ; RF Paths ; FF Paths ;
+------------+----------+----------+----------+----------+----------+
; reset      ; clk      ; 4        ; 4        ; 0        ; 0        ;
+------------+----------+----------+----------+----------+----------+
Entries labeled "false path" only account for clock-to-clock false paths and not path-based false paths. As a result, actual path counts may be lower than reported.


---------------
; Report TCCS ;
---------------
No dedicated SERDES Transmitter circuitry present in device or used in design


---------------
; Report RSKM ;
---------------
No dedicated SERDES Receiver circuitry present in device or used in design


+------------------------------------------------+
; Unconstrained Paths                            ;
+---------------------------------+-------+------+
; Property                        ; Setup ; Hold ;
+---------------------------------+-------+------+
; Illegal Clocks                  ; 0     ; 0    ;
; Unconstrained Clocks            ; 0     ; 0    ;
; Unconstrained Input Ports       ; 0     ; 0    ;
; Unconstrained Input Port Paths  ; 0     ; 0    ;
; Unconstrained Output Ports      ; 4     ; 4    ;
; Unconstrained Output Port Paths ; 4     ; 4    ;
+---------------------------------+-------+------+


+------------------------------------+
; TimeQuest Timing Analyzer Messages ;
+------------------------------------+
Info: *******************************************************************
Info: Running Quartus II 64-Bit TimeQuest Timing Analyzer
    Info: Version 13.0.1 Build 232 06/12/2013 Service Pack 1 SJ Web Edition
    Info: Processing started: Mon Dec 02 20:52:27 2019
Info: Command: quartus_sta conta_decada -c conta_decada
Info: qsta_default_script.tcl version: #1
Warning (20028): Parallel compilation is not licensed and has been disabled
Info (21077): Low junction temperature is 0 degrees C
Info (21077): High junction temperature is 85 degrees C
Warning (335093): TimeQuest Timing Analyzer is analyzing 4 combinational loops as latches.
Critical Warning (332012): Synopsys Design Constraints File file not found: 'conta_decada.sdc'. A Synopsys Design Constraints File is required by the TimeQuest Timing Analyzer to get proper timing constraints. Without it, the Compiler will not properly optimize the design.
Info (332142): No user constrained base clocks found in the design. Calling "derive_clocks -period 1.0"
Info (332105): Deriving Clocks
    Info (332105): create_clock -period 1.000 -name clk clk
    Info (332105): create_clock -period 1.000 -name reset reset
Info: Found TIMEQUEST_REPORT_SCRIPT_INCLUDE_DEFAULT_ANALYSIS = ON
Info: Analyzing Slow Model
Critical Warning (332148): Timing requirements not met
Info (332146): Worst-case setup slack is -0.617
    Info (332119):     Slack End Point TNS Clock 
    Info (332119): ========= ============= =====================
    Info (332119):    -0.617        -2.435 reset 
    Info (332119):    -0.091        -0.239 clk 
Info (332146): Worst-case hold slack is 0.391
    Info (332119):     Slack End Point TNS Clock 
    Info (332119): ========= ============= =====================
    Info (332119):     0.391         0.000 clk 
    Info (332119):     0.640         0.000 reset 
Info (332146): Worst-case recovery slack is -0.010
    Info (332119):     Slack End Point TNS Clock 
    Info (332119): ========= ============= =====================
    Info (332119):    -0.010        -0.040 clk 
Info (332146): Worst-case removal slack is 0.280
    Info (332119):     Slack End Point TNS Clock 
    Info (332119): ========= ============= =====================
    Info (332119):     0.280         0.000 clk 
Info (332146): Worst-case minimum pulse width slack is -1.380
    Info (332119):     Slack End Point TNS Clock 
    Info (332119): ========= ============= =====================
    Info (332119):    -1.380        -5.380 clk 
    Info (332119):    -1.380        -1.380 reset 
Info (332001): The selected device family is not supported by the report_metastability command.
Info: Analyzing Fast Model
Info (332146): Worst-case setup slack is 0.183
    Info (332119):     Slack End Point TNS Clock 
    Info (332119): ========= ============= =====================
    Info (332119):     0.183         0.000 reset 
    Info (332119):     0.489         0.000 clk 
Info (332146): Worst-case hold slack is 0.215
    Info (332119):     Slack End Point TNS Clock 
    Info (332119): ========= ============= =====================
    Info (332119):     0.215         0.000 clk 
    Info (332119):     0.409         0.000 reset 
Info (332146): Worst-case recovery slack is 0.256
    Info (332119):     Slack End Point TNS Clock 
    Info (332119): ========= ============= =====================
    Info (332119):     0.256         0.000 clk 
Info (332146): Worst-case removal slack is 0.124
    Info (332119):     Slack End Point TNS Clock 
    Info (332119): ========= ============= =====================
    Info (332119):     0.124         0.000 clk 
Critical Warning (332148): Timing requirements not met
Info (332146): Worst-case minimum pulse width slack is -1.380
    Info (332119):     Slack End Point TNS Clock 
    Info (332119): ========= ============= =====================
    Info (332119):    -1.380        -5.380 clk 
    Info (332119):    -1.380        -1.380 reset 
Info (332001): The selected device family is not supported by the report_metastability command.
Info (332102): Design is not fully constrained for setup requirements
Info (332102): Design is not fully constrained for hold requirements
Info: Quartus II 64-Bit TimeQuest Timing Analyzer was successful. 0 errors, 5 warnings
    Info: Peak virtual memory: 4521 megabytes
    Info: Processing ended: Mon Dec 02 20:52:31 2019
    Info: Elapsed time: 00:00:04
    Info: Total CPU time (on all processors): 00:00:04


